<?xml version="1.0" encoding="UTF-8"?>
<testsuite xmlns:xsi="http://www.w3.org/2001/XMLSchema-instance" xsi:noNamespaceSchemaLocation="https://maven.apache.org/surefire/maven-surefire-plugin/xsd/surefire-test-report-3.0.xsd" version="3.0" name="hu.novin.invoicemanager.InvoiceManagerApplicationTests" time="4.843" tests="1" errors="0" skipped="0" failures="0">
  <properties>
[...]
</properties>
  <testcase name="contextLoads" classname="hu.novin.invoicemanager.InvoiceManagerApplicationTests" time="0.461">
    <system-out><![CDATA[19:56:38.147 [main] INFO org.springframework.test.context.support.AnnotationConfigContextLoaderUtils -- Could not detect default configuration classes for test class [hu.novin.invoicemanager.InvoiceManagerApplicationTests]: InvoiceManagerApplicationTests does not declare any static, non-private, non-final, nested classes annotated with @Configuration.
19:56:38.244 [main] INFO org.springframework.boot.test.context.SpringBootTestContextBootstrapper -- Found @SpringBootConfiguration hu.novin.invoicemanager.InvoiceManagerApplication for test class hu.novin.invoicemanager.InvoiceManagerApplicationTests

  .   ____          _            __ _ _
 /\\ / ___'_ __ _ _(_)_ __  __ _ \ \ \ \
( ( )\___ | '_ | '_| | '_ \/ _` | \ \ \ \
 \\/  ___)| |_)| | | | | || (_| |  ) ) ) )
  '  |____| .__|_| |_|_| |_\__, | / / / /
 =========|_|==============|___/=/_/_/_/
 :: Spring Boot ::                (v3.1.4)

2023-11-12T19:56:38.636+01:00  INFO 11524 --- [           main] h.n.i.InvoiceManagerApplicationTests     : Starting InvoiceManagerApplicationTests using Java 17.0.6 with PID 11524 (started by vidap in A:\vidap\Documents\Java\novin\InvoiceManagerService\InvoiceManager)
2023-11-12T19:56:38.637+01:00  INFO 11524 --- [           main] h.n.i.InvoiceManagerApplicationTests     : No active profile set, falling back to 1 default profile: "default"
2023-11-12T19:56:39.242+01:00  INFO 11524 --- [           main] .s.d.r.c.RepositoryConfigurationDelegate : Bootstrapping Spring Data JPA repositories in DEFAULT mode.
2023-11-12T19:56:39.311+01:00  INFO 11524 --- [           main] .s.d.r.c.RepositoryConfigurationDelegate : Finished Spring Data repository scanning in 58 ms. Found 3 JPA repository interfaces.
2023-11-12T19:56:39.791+01:00  INFO 11524 --- [           main] o.hibernate.jpa.internal.util.LogHelper  : HHH000204: Processing PersistenceUnitInfo [name: default]
2023-11-12T19:56:39.849+01:00  INFO 11524 --- [           main] org.hibernate.Version                    : HHH000412: Hibernate ORM core version 6.2.9.Final
2023-11-12T19:56:39.851+01:00  INFO 11524 --- [           main] org.hibernate.cfg.Environment            : HHH000406: Using bytecode reflection optimizer
2023-11-12T19:56:40.026+01:00  INFO 11524 --- [           main] o.h.b.i.BytecodeProviderInitiator        : HHH000021: Bytecode provider name : bytebuddy
2023-11-12T19:56:40.169+01:00  INFO 11524 --- [           main] o.s.o.j.p.SpringPersistenceUnitInfo      : No LoadTimeWeaver setup: ignoring JPA class transformer
2023-11-12T19:56:40.184+01:00  INFO 11524 --- [           main] com.zaxxer.hikari.HikariDataSource       : HikariPool-1 - Starting...
2023-11-12T19:56:40.376+01:00  INFO 11524 --- [           main] com.zaxxer.hikari.pool.HikariPool        : HikariPool-1 - Added connection org.postgresql.jdbc.PgConnection@51fe7f15
2023-11-12T19:56:40.378+01:00  INFO 11524 --- [           main] com.zaxxer.hikari.HikariDataSource       : HikariPool-1 - Start completed.
2023-11-12T19:56:40.655+01:00  INFO 11524 --- [           main] o.h.b.i.BytecodeProviderInitiator        : HHH000021: Bytecode provider name : bytebuddy
2023-11-12T19:56:41.236+01:00  INFO 11524 --- [           main] o.h.e.t.j.p.i.JtaPlatformInitiator       : HHH000490: Using JtaPlatform implementation: [org.hibernate.engine.transaction.jta.platform.internal.NoJtaPlatform]
2023-11-12T19:56:41.318+01:00  INFO 11524 --- [           main] j.LocalContainerEntityManagerFactoryBean : Initialized JPA EntityManagerFactory for persistence unit 'default'
2023-11-12T19:56:41.782+01:00  WARN 11524 --- [           main] JpaBaseConfiguration$JpaWebConfiguration : spring.jpa.open-in-view is enabled by default. Therefore, database queries may be performed during view rendering. Explicitly configure spring.jpa.open-in-view to disable this warning
2023-11-12T19:56:41.889+01:00  INFO 11524 --- [           main] o.s.s.web.DefaultSecurityFilterChain     : Will secure any request with [org.springframework.security.web.session.DisableEncodeUrlFilter@19656e21, org.springframework.security.web.context.request.async.WebAsyncManagerIntegrationFilter@614ae4eb, org.springframework.security.web.context.SecurityContextHolderFilter@7602c65d, org.springframework.security.web.header.HeaderWriterFilter@c7a1db6, org.springframework.security.web.authentication.logout.LogoutFilter@65f96d58, hu.novin.invoicemanager.security.JwtTokenFilter@3dc7c5fd, org.springframework.security.web.savedrequest.RequestCacheAwareFilter@7668f8fd, org.springframework.security.web.servletapi.SecurityContextHolderAwareRequestFilter@75566f4, org.springframework.security.web.authentication.AnonymousAuthenticationFilter@2cd31214, org.springframework.security.web.session.SessionManagementFilter@3962b216, org.springframework.security.web.access.ExceptionTranslationFilter@67216c33]
2023-11-12T19:56:42.362+01:00  INFO 11524 --- [           main] h.n.i.InvoiceManagerApplicationTests     : Started InvoiceManagerApplicationTests in 3.971 seconds (process running for 4.817)
]]></system-out>
  </testcase>
</testsuite>